# JRE version: OpenJDK Runtime Environment (8.0_322-b06) (build 1.8.0_322-b06)
# Java VM: OpenJDK 64-Bit Server VM (25.322-b06 mixed mode windows-amd64 compressed oops)
Heap:
 PSYoungGen      total 243200K, used 57383K [0x00000000d6300000, 0x00000000e6380000, 0x0000000100000000)
  eden space 224256K, 19% used [0x00000000d6300000,0x00000000d8eb7b40,0x00000000e3e00000)
  from space 18944K, 66% used [0x00000000e3e00000,0x00000000e4a52440,0x00000000e5080000)
  to   space 16384K, 0% used [0x00000000e5080000,0x00000000e5080000,0x00000000e6080000)
 ParOldGen       total 87040K, used 28589K [0x0000000082800000, 0x0000000087d00000, 0x00000000d6300000)
  object space 87040K, 32% used [0x0000000082800000,0x00000000843eb618,0x0000000087d00000)
 Metaspace       used 62537K, capacity 66316K, committed 66560K, reserved 1105920K
  class space    used 8774K, capacity 9407K, committed 9472K, reserved 1048576K
GC Heap History (10 events):
Event: 6.017 GC heap before
{Heap before GC invocations=10 (full 2):
 PSYoungGen      total 190976K, used 11248K [0x00000000d6300000, 0x00000000e4800000, 0x0000000100000000)
  eden space 179712K, 0% used [0x00000000d6300000,0x00000000d6300000,0x00000000e1280000)
  from space 11264K, 99% used [0x00000000e2080000,0x00000000e2b7c360,0x00000000e2b80000)
  to   space 14336K, 0% used [0x00000000e1280000,0x00000000e1280000,0x00000000e2080000)
 ParOldGen       total 50688K, used 13062K [0x0000000082800000, 0x0000000085980000, 0x00000000d6300000)
  object space 50688K, 25% used [0x0000000082800000,0x00000000834c1a28,0x0000000085980000)
 Metaspace       used 33206K, capacity 35440K, committed 35496K, reserved 1079296K
  class space    used 4391K, capacity 4828K, committed 4864K, reserved 1048576K
Event: 6.089 GC heap after
Heap after GC invocations=10 (full 2):
 PSYoungGen      total 190976K, used 0K [0x00000000d6300000, 0x00000000e4800000, 0x0000000100000000)
  eden space 179712K, 0% used [0x00000000d6300000,0x00000000d6300000,0x00000000e1280000)
  from space 11264K, 0% used [0x00000000e2080000,0x00000000e2080000,0x00000000e2b80000)
  to   space 14336K, 0% used [0x00000000e1280000,0x00000000e1280000,0x00000000e2080000)
 ParOldGen       total 87040K, used 18367K [0x0000000082800000, 0x0000000087d00000, 0x00000000d6300000)
  object space 87040K, 21% used [0x0000000082800000,0x00000000839effc8,0x0000000087d00000)
 Metaspace       used 33206K, capacity 35440K, committed 35496K, reserved 1079296K
  class space    used 4391K, capacity 4828K, committed 4864K, reserved 1048576K
}
Event: 8.130 GC heap before
{Heap before GC invocations=11 (full 2):
 PSYoungGen      total 190976K, used 179712K [0x00000000d6300000, 0x00000000e4800000, 0x0000000100000000)
  eden space 179712K, 100% used [0x00000000d6300000,0x00000000e1280000,0x00000000e1280000)
  from space 11264K, 0% used [0x00000000e2080000,0x00000000e2080000,0x00000000e2b80000)
  to   space 14336K, 0% used [0x00000000e1280000,0x00000000e1280000,0x00000000e2080000)
 ParOldGen       total 87040K, used 18367K [0x0000000082800000, 0x0000000087d00000, 0x00000000d6300000)
  object space 87040K, 21% used [0x0000000082800000,0x00000000839effc8,0x0000000087d00000)
 Metaspace       used 44129K, capacity 47120K, committed 47488K, reserved 1089536K
  class space    used 5886K, capacity 6412K, committed 6528K, reserved 1048576K
Event: 8.146 GC heap after
Heap after GC invocations=11 (full 2):
 PSYoungGen      total 194048K, used 13988K [0x00000000d6300000, 0x00000000e6080000, 0x0000000100000000)
  eden space 179712K, 0% used [0x00000000d6300000,0x00000000d6300000,0x00000000e1280000)
  from space 14336K, 97% used [0x00000000e1280000,0x00000000e2029340,0x00000000e2080000)
  to   space 16384K, 0% used [0x00000000e5080000,0x00000000e5080000,0x00000000e6080000)
 ParOldGen       total 87040K, used 18375K [0x0000000082800000, 0x0000000087d00000, 0x00000000d6300000)
  object space 87040K, 21% used [0x0000000082800000,0x00000000839f1fc8,0x0000000087d00000)
 Metaspace       used 44129K, capacity 47120K, committed 47488K, reserved 1089536K
  class space    used 5886K, capacity 6412K, committed 6528K, reserved 1048576K
}
Event: 9.442 GC heap before
{Heap before GC invocations=12 (full 2):
 PSYoungGen      total 194048K, used 142213K [0x00000000d6300000, 0x00000000e6080000, 0x0000000100000000)
  eden space 179712K, 71% used [0x00000000d6300000,0x00000000de0382b0,0x00000000e1280000)
  from space 14336K, 97% used [0x00000000e1280000,0x00000000e2029340,0x00000000e2080000)
  to   space 16384K, 0% used [0x00000000e5080000,0x00000000e5080000,0x00000000e6080000)
 ParOldGen       total 87040K, used 18375K [0x0000000082800000, 0x0000000087d00000, 0x00000000d6300000)
  object space 87040K, 21% used [0x0000000082800000,0x00000000839f1fc8,0x0000000087d00000)
 Metaspace       used 55759K, capacity 58946K, committed 59136K, reserved 1099776K
  class space    used 7806K, capacity 8360K, committed 8448K, reserved 1048576K
Event: 9.456 GC heap after
Heap after GC invocations=12 (full 2):
 PSYoungGen      total 240640K, used 16362K [0x00000000d6300000, 0x00000000e6380000, 0x0000000100000000)
  eden space 224256K, 0% used [0x00000000d6300000,0x00000000d6300000,0x00000000e3e00000)
  from space 16384K, 99% used [0x00000000e5080000,0x00000000e607aab8,0x00000000e6080000)
  to   space 18944K, 0% used [0x00000000e3e00000,0x00000000e3e00000,0x00000000e5080000)
 ParOldGen       total 87040K, used 19723K [0x0000000082800000, 0x0000000087d00000, 0x00000000d6300000)
  object space 87040K, 22% used [0x0000000082800000,0x0000000083b42d80,0x0000000087d00000)
 Metaspace       used 55759K, capacity 58946K, committed 59136K, reserved 1099776K
  class space    used 7806K, capacity 8360K, committed 8448K, reserved 1048576K
}
Event: 9.456 GC heap before
{Heap before GC invocations=13 (full 3):
 PSYoungGen      total 240640K, used 16362K [0x00000000d6300000, 0x00000000e6380000, 0x0000000100000000)
  eden space 224256K, 0% used [0x00000000d6300000,0x00000000d6300000,0x00000000e3e00000)
  from space 16384K, 99% used [0x00000000e5080000,0x00000000e607aab8,0x00000000e6080000)
  to   space 18944K, 0% used [0x00000000e3e00000,0x00000000e3e00000,0x00000000e5080000)
 ParOldGen       total 87040K, used 19723K [0x0000000082800000, 0x0000000087d00000, 0x00000000d6300000)
  object space 87040K, 22% used [0x0000000082800000,0x0000000083b42d80,0x0000000087d00000)
 Metaspace       used 55759K, capacity 58946K, committed 59136K, reserved 1099776K
  class space    used 7806K, capacity 8360K, committed 8448K, reserved 1048576K
Event: 9.563 GC heap after
Heap after GC invocations=13 (full 3):
 PSYoungGen      total 240640K, used 0K [0x00000000d6300000, 0x00000000e6380000, 0x0000000100000000)
  eden space 224256K, 0% used [0x00000000d6300000,0x00000000d6300000,0x00000000e3e00000)
  from space 16384K, 0% used [0x00000000e5080000,0x00000000e5080000,0x00000000e6080000)
  to   space 18944K, 0% used [0x00000000e3e00000,0x00000000e3e00000,0x00000000e5080000)
 ParOldGen       total 87040K, used 28589K [0x0000000082800000, 0x0000000087d00000, 0x00000000d6300000)
  object space 87040K, 32% used [0x0000000082800000,0x00000000843eb618,0x0000000087d00000)
 Metaspace       used 55759K, capacity 58946K, committed 59136K, reserved 1099776K
  class space    used 7806K, capacity 8360K, committed 8448K, reserved 1048576K
}
Event: 11.278 GC heap before
{Heap before GC invocations=14 (full 3):
 PSYoungGen      total 240640K, used 224256K [0x00000000d6300000, 0x00000000e6380000, 0x0000000100000000)
  eden space 224256K, 100% used [0x00000000d6300000,0x00000000e3e00000,0x00000000e3e00000)
  from space 16384K, 0% used [0x00000000e5080000,0x00000000e5080000,0x00000000e6080000)
  to   space 18944K, 0% used [0x00000000e3e00000,0x00000000e3e00000,0x00000000e5080000)
 ParOldGen       total 87040K, used 28589K [0x0000000082800000, 0x0000000087d00000, 0x00000000d6300000)
  object space 87040K, 32% used [0x0000000082800000,0x00000000843eb618,0x0000000087d00000)
 Metaspace       used 62093K, capacity 65818K, committed 66048K, reserved 1105920K
  class space    used 8705K, capacity 9348K, committed 9472K, reserved 1048576K
Event: 11.294 GC heap after
Heap after GC invocations=14 (full 3):
 PSYoungGen      total 243200K, used 12617K [0x00000000d6300000, 0x00000000e6380000, 0x0000000100000000)
  eden space 224256K, 0% used [0x00000000d6300000,0x00000000d6300000,0x00000000e3e00000)
  from space 18944K, 66% used [0x00000000e3e00000,0x00000000e4a52440,0x00000000e5080000)
  to   space 16384K, 0% used [0x00000000e5080000,0x00000000e5080000,0x00000000e6080000)
 ParOldGen       total 87040K, used 28589K [0x0000000082800000, 0x0000000087d00000, 0x00000000d6300000)
  object space 87040K, 32% used [0x0000000082800000,0x00000000843eb618,0x0000000087d00000)
 Metaspace       used 62093K, capacity 65818K, committed 66048K, reserved 1105920K
  class space    used 8705K, capacity 9348K, committed 9472K, reserved 1048576K
}

